<?xml version="1.0" encoding="UTF-8"?>
<!-- Generated by org.testng.reporters.JUnitXMLReporter -->
<testsuite hostname="SAIKIRANJRV" name="Test" tests="12" failures="0" timestamp="10 Apr 2022 11:28:12 GMT" time="252.573" errors="0">
  <testcase name="formC" time="25.242" classname="dupicatetestcases.TC002"/>
  <testcase name="formC" time="22.995" classname="dupicatetestcases.TC002"/>
  <testcase name="formC" time="22.866" classname="dupicatetestcases.TC002"/>
  <testcase name="panCardApp" time="20.526" classname="dupicatetestcases.TC003"/>
  <testcase name="panCardApp" time="20.428" classname="dupicatetestcases.TC003"/>
  <testcase name="panCardApp" time="19.004" classname="dupicatetestcases.TC003"/>
  <testcase name="facebook" time="19.602" classname="dupicatetestcases.TC0001"/>
  <testcase name="facebook" time="17.7" classname="dupicatetestcases.TC0001"/>
  <testcase name="facebook" time="21.29" classname="dupicatetestcases.TC0001"/>
  <testcase name="phpTravels" time="20.988" classname="dupicatetestcases.TC004"/>
  <testcase name="phpTravels" time="20.06" classname="dupicatetestcases.TC004"/>
  <testcase name="phpTravels" time="20.544" classname="dupicatetestcases.TC004"/>
</testsuite> <!-- Test -->
