<?xml version="1.0" encoding="UTF-8"?>
<testng-results skipped="0" failed="3" total="3" passed="0">
  <reporter-output>
  </reporter-output>
  <suite name="Default suite" duration-ms="28954" started-at="2022-09-07T06:34:26Z" finished-at="2022-09-07T06:34:55Z">
    <groups>
    </groups>
    <test name="Default test" duration-ms="28954" started-at="2022-09-07T06:34:26Z" finished-at="2022-09-07T06:34:55Z">
      <class name="dupicatetestcases.TC005">
        <test-method status="FAIL" signature="fteRailway(java.lang.String, java.lang.String, java.lang.String, java.lang.String, java.lang.String, java.lang.String, java.lang.String, java.lang.String, java.lang.String, java.lang.String, java.lang.String, java.lang.String, java.lang.String, java.lang.String, java.lang.String, java.lang.String, java.lang.String, java.lang.String, java.lang.String, java.lang.String, java.lang.String, java.lang.String, java.lang.String, java.lang.String, java.lang.String)[pri:0, instance:dupicatetestcases.TC005@31ef45e3]" name="fteRailway" duration-ms="21146" started-at="2022-09-07T12:04:28Z" data-provider="fetchData" finished-at="2022-09-07T12:04:49Z">
          <params>
            <param index="0">
              <value>
                <![CDATA[Ss_8985saikiran]]>
              </value>
            </param>
            <param index="1">
              <value>
                <![CDATA[Ss@8985891589]]>
              </value>
            </param>
            <param index="2">
              <value>
                <![CDATA[Ss@8985891589]]>
              </value>
            </param>
            <param index="3">
              <value>
                <![CDATA[2]]>
              </value>
            </param>
            <param index="4">
              <value>
                <![CDATA[jrv]]>
              </value>
            </param>
            <param index="5">
              <value>
                <![CDATA[saikiranjrv@gmail.com]]>
              </value>
            </param>
            <param index="6">
              <value>
                <![CDATA[5]]>
              </value>
            </param>
            <param index="7">
              <value>
                <![CDATA[jrv]]>
              </value>
            </param>
            <param index="8">
              <value>
                <![CDATA[sai]]>
              </value>
            </param>
            <param index="9">
              <value>
                <![CDATA[kiran]]>
              </value>
            </param>
            <param index="10">
              <value>
                <![CDATA[1]]>
              </value>
            </param>
            <param index="11">
              <value>
                <![CDATA[102]]>
              </value>
            </param>
            <param index="12">
              <value>
                <![CDATA[park]]>
              </value>
            </param>
            <param index="13">
              <value>
                <![CDATA[sap]]>
              </value>
            </param>
            <param index="14">
              <value>
                <![CDATA[1]]>
              </value>
            </param>
            <param index="15">
              <value>
                <![CDATA[8985891589]]>
              </value>
            </param>
            <param index="16">
              <value>
                <![CDATA[522403]]>
              </value>
            </param>
            <param index="17">
              <value>
                <![CDATA[Sattenapalle H.O]]>
              </value>
            </param>
            <param index="18">
              <value>
                <![CDATA[102]]>
              </value>
            </param>
            <param index="19">
              <value>
                <![CDATA[place]]>
              </value>
            </param>
            <param index="20">
              <value>
                <![CDATA[street]]>
              </value>
            </param>
            <param index="21">
              <value>
                <![CDATA[1]]>
              </value>
            </param>
            <param index="22">
              <value>
                <![CDATA[8985891589]]>
              </value>
            </param>
            <param index="23">
              <value>
                <![CDATA[522403]]>
              </value>
            </param>
            <param index="24">
              <value>
                <![CDATA[Sattenapalle H.O]]>
              </value>
            </param>
          </params>
          <exception class="java.lang.NullPointerException">
            <full-stacktrace>
              <![CDATA[java.lang.NullPointerException
	at wrappers.GenericWrappers.takeSnap(GenericWrappers.java:769)
	at wrappers.GenericWrappers.invokeApp(GenericWrappers.java:60)
	at dupicatetestcases.TC005.fteRailway(TC005.java:28)
	at sun.reflect.NativeMethodAccessorImpl.invoke0(Native Method)
	at sun.reflect.NativeMethodAccessorImpl.invoke(Unknown Source)
	at sun.reflect.DelegatingMethodAccessorImpl.invoke(Unknown Source)
	at java.lang.reflect.Method.invoke(Unknown Source)
	at org.testng.internal.MethodInvocationHelper.invokeMethod(MethodInvocationHelper.java:86)
	at org.testng.internal.Invoker.invokeMethod(Invoker.java:646)
	at org.testng.internal.Invoker.invokeTestMethod(Invoker.java:823)
	at org.testng.internal.Invoker.invokeTestMethods(Invoker.java:1131)
	at org.testng.internal.TestMethodWorker.invokeTestMethods(TestMethodWorker.java:129)
	at org.testng.internal.TestMethodWorker.run(TestMethodWorker.java:112)
	at org.testng.TestRunner.privateRun(TestRunner.java:778)
	at org.testng.TestRunner.run(TestRunner.java:632)
	at org.testng.SuiteRunner.runTest(SuiteRunner.java:366)
	at org.testng.SuiteRunner.runSequentially(SuiteRunner.java:361)
	at org.testng.SuiteRunner.privateRun(SuiteRunner.java:319)
	at org.testng.SuiteRunner.run(SuiteRunner.java:268)
	at org.testng.SuiteRunnerWorker.runSuite(SuiteRunnerWorker.java:52)
	at org.testng.SuiteRunnerWorker.run(SuiteRunnerWorker.java:86)
	at org.testng.TestNG.runSuitesSequentially(TestNG.java:1225)
	at org.testng.TestNG.runSuitesLocally(TestNG.java:1150)
	at org.testng.TestNG.runSuites(TestNG.java:1075)
	at org.testng.TestNG.run(TestNG.java:1047)
	at org.testng.remote.AbstractRemoteTestNG.run(AbstractRemoteTestNG.java:126)
	at org.testng.remote.RemoteTestNG.initAndRun(RemoteTestNG.java:137)
	at org.testng.remote.RemoteTestNG.main(RemoteTestNG.java:58)
]]>
            </full-stacktrace>
          </exception> <!-- java.lang.NullPointerException -->
          <reporter-output>
          </reporter-output>
        </test-method> <!-- fteRailway -->
        <test-method status="FAIL" signature="fteRailway(java.lang.String, java.lang.String, java.lang.String, java.lang.String, java.lang.String, java.lang.String, java.lang.String, java.lang.String, java.lang.String, java.lang.String, java.lang.String, java.lang.String, java.lang.String, java.lang.String, java.lang.String, java.lang.String, java.lang.String, java.lang.String, java.lang.String, java.lang.String, java.lang.String, java.lang.String, java.lang.String, java.lang.String, java.lang.String)[pri:0, instance:dupicatetestcases.TC005@31ef45e3]" name="fteRailway" duration-ms="3148" started-at="2022-09-07T12:04:49Z" data-provider="fetchData" finished-at="2022-09-07T12:04:52Z">
          <params>
            <param index="0">
              <value>
                <![CDATA[Ss_4546kiranjrv]]>
              </value>
            </param>
            <param index="1">
              <value>
                <![CDATA[Ss@7019345825]]>
              </value>
            </param>
            <param index="2">
              <value>
                <![CDATA[Ss@7019345825]]>
              </value>
            </param>
            <param index="3">
              <value>
                <![CDATA[4]]>
              </value>
            </param>
            <param index="4">
              <value>
                <![CDATA[sai]]>
              </value>
            </param>
            <param index="5">
              <value>
                <![CDATA[sai@gmail.com]]>
              </value>
            </param>
            <param index="6">
              <value>
                <![CDATA[3]]>
              </value>
            </param>
            <param index="7">
              <value>
                <![CDATA[sai]]>
              </value>
            </param>
            <param index="8">
              <value>
                <![CDATA[kiran]]>
              </value>
            </param>
            <param index="9">
              <value>
                <![CDATA[jakkula]]>
              </value>
            </param>
            <param index="10">
              <value>
                <![CDATA[1]]>
              </value>
            </param>
            <param index="11">
              <value>
                <![CDATA[455]]>
              </value>
            </param>
            <param index="12">
              <value>
                <![CDATA[kota]]>
              </value>
            </param>
            <param index="13">
              <value>
                <![CDATA[gun]]>
              </value>
            </param>
            <param index="14">
              <value>
                <![CDATA[1]]>
              </value>
            </param>
            <param index="15">
              <value>
                <![CDATA[7013970009]]>
              </value>
            </param>
            <param index="16">
              <value>
                <![CDATA[522403]]>
              </value>
            </param>
            <param index="17">
              <value>
                <![CDATA[Sattenapalle H.O]]>
              </value>
            </param>
            <param index="18">
              <value>
                <![CDATA[45]]>
              </value>
            </param>
            <param index="19">
              <value>
                <![CDATA[kiran]]>
              </value>
            </param>
            <param index="20">
              <value>
                <![CDATA[sai]]>
              </value>
            </param>
            <param index="21">
              <value>
                <![CDATA[1]]>
              </value>
            </param>
            <param index="22">
              <value>
                <![CDATA[8985891589]]>
              </value>
            </param>
            <param index="23">
              <value>
                <![CDATA[522403]]>
              </value>
            </param>
            <param index="24">
              <value>
                <![CDATA[Sattenapalle H.O]]>
              </value>
            </param>
          </params>
          <exception class="java.lang.NullPointerException">
            <full-stacktrace>
              <![CDATA[java.lang.NullPointerException
	at wrappers.GenericWrappers.takeSnap(GenericWrappers.java:769)
	at wrappers.GenericWrappers.invokeApp(GenericWrappers.java:60)
	at dupicatetestcases.TC005.fteRailway(TC005.java:28)
	at sun.reflect.NativeMethodAccessorImpl.invoke0(Native Method)
	at sun.reflect.NativeMethodAccessorImpl.invoke(Unknown Source)
	at sun.reflect.DelegatingMethodAccessorImpl.invoke(Unknown Source)
	at java.lang.reflect.Method.invoke(Unknown Source)
	at org.testng.internal.MethodInvocationHelper.invokeMethod(MethodInvocationHelper.java:86)
	at org.testng.internal.Invoker.invokeMethod(Invoker.java:646)
	at org.testng.internal.Invoker.invokeTestMethod(Invoker.java:823)
	at org.testng.internal.Invoker.invokeTestMethods(Invoker.java:1131)
	at org.testng.internal.TestMethodWorker.invokeTestMethods(TestMethodWorker.java:129)
	at org.testng.internal.TestMethodWorker.run(TestMethodWorker.java:112)
	at org.testng.TestRunner.privateRun(TestRunner.java:778)
	at org.testng.TestRunner.run(TestRunner.java:632)
	at org.testng.SuiteRunner.runTest(SuiteRunner.java:366)
	at org.testng.SuiteRunner.runSequentially(SuiteRunner.java:361)
	at org.testng.SuiteRunner.privateRun(SuiteRunner.java:319)
	at org.testng.SuiteRunner.run(SuiteRunner.java:268)
	at org.testng.SuiteRunnerWorker.runSuite(SuiteRunnerWorker.java:52)
	at org.testng.SuiteRunnerWorker.run(SuiteRunnerWorker.java:86)
	at org.testng.TestNG.runSuitesSequentially(TestNG.java:1225)
	at org.testng.TestNG.runSuitesLocally(TestNG.java:1150)
	at org.testng.TestNG.runSuites(TestNG.java:1075)
	at org.testng.TestNG.run(TestNG.java:1047)
	at org.testng.remote.AbstractRemoteTestNG.run(AbstractRemoteTestNG.java:126)
	at org.testng.remote.RemoteTestNG.initAndRun(RemoteTestNG.java:137)
	at org.testng.remote.RemoteTestNG.main(RemoteTestNG.java:58)
]]>
            </full-stacktrace>
          </exception> <!-- java.lang.NullPointerException -->
          <reporter-output>
          </reporter-output>
        </test-method> <!-- fteRailway -->
        <test-method status="FAIL" signature="fteRailway(java.lang.String, java.lang.String, java.lang.String, java.lang.String, java.lang.String, java.lang.String, java.lang.String, java.lang.String, java.lang.String, java.lang.String, java.lang.String, java.lang.String, java.lang.String, java.lang.String, java.lang.String, java.lang.String, java.lang.String, java.lang.String, java.lang.String, java.lang.String, java.lang.String, java.lang.String, java.lang.String, java.lang.String, java.lang.String)[pri:0, instance:dupicatetestcases.TC005@31ef45e3]" name="fteRailway" duration-ms="2345" started-at="2022-09-07T12:04:52Z" data-provider="fetchData" finished-at="2022-09-07T12:04:55Z">
          <params>
            <param index="0">
              <value>
                <![CDATA[Ss_47859high]]>
              </value>
            </param>
            <param index="1">
              <value>
                <![CDATA[sS@7989856999]]>
              </value>
            </param>
            <param index="2">
              <value>
                <![CDATA[sS@7989856999]]>
              </value>
            </param>
            <param index="3">
              <value>
                <![CDATA[3]]>
              </value>
            </param>
            <param index="4">
              <value>
                <![CDATA[hive]]>
              </value>
            </param>
            <param index="5">
              <value>
                <![CDATA[jrv@gmail.com]]>
              </value>
            </param>
            <param index="6">
              <value>
                <![CDATA[2]]>
              </value>
            </param>
            <param index="7">
              <value>
                <![CDATA[dcdfv]]>
              </value>
            </param>
            <param index="8">
              <value>
                <![CDATA[vfrv]]>
              </value>
            </param>
            <param index="9">
              <value>
                <![CDATA[vrrvrv]]>
              </value>
            </param>
            <param index="10">
              <value>
                <![CDATA[1]]>
              </value>
            </param>
            <param index="11">
              <value>
                <![CDATA[4555]]>
              </value>
            </param>
            <param index="12">
              <value>
                <![CDATA[ddd]]>
              </value>
            </param>
            <param index="13">
              <value>
                <![CDATA[pdl]]>
              </value>
            </param>
            <param index="14">
              <value>
                <![CDATA[1]]>
              </value>
            </param>
            <param index="15">
              <value>
                <![CDATA[7013970009]]>
              </value>
            </param>
            <param index="16">
              <value>
                <![CDATA[522403]]>
              </value>
            </param>
            <param index="17">
              <value>
                <![CDATA[Sattenapalle H.O]]>
              </value>
            </param>
            <param index="18">
              <value>
                <![CDATA[55]]>
              </value>
            </param>
            <param index="19">
              <value>
                <![CDATA[edecde]]>
              </value>
            </param>
            <param index="20">
              <value>
                <![CDATA[ddwed]]>
              </value>
            </param>
            <param index="21">
              <value>
                <![CDATA[1]]>
              </value>
            </param>
            <param index="22">
              <value>
                <![CDATA[7013970009]]>
              </value>
            </param>
            <param index="23">
              <value>
                <![CDATA[522403]]>
              </value>
            </param>
            <param index="24">
              <value>
                <![CDATA[Sattenapalle H.O]]>
              </value>
            </param>
          </params>
          <exception class="java.lang.NullPointerException">
            <full-stacktrace>
              <![CDATA[java.lang.NullPointerException
	at wrappers.GenericWrappers.takeSnap(GenericWrappers.java:769)
	at wrappers.GenericWrappers.invokeApp(GenericWrappers.java:60)
	at dupicatetestcases.TC005.fteRailway(TC005.java:28)
	at sun.reflect.NativeMethodAccessorImpl.invoke0(Native Method)
	at sun.reflect.NativeMethodAccessorImpl.invoke(Unknown Source)
	at sun.reflect.DelegatingMethodAccessorImpl.invoke(Unknown Source)
	at java.lang.reflect.Method.invoke(Unknown Source)
	at org.testng.internal.MethodInvocationHelper.invokeMethod(MethodInvocationHelper.java:86)
	at org.testng.internal.Invoker.invokeMethod(Invoker.java:646)
	at org.testng.internal.Invoker.invokeTestMethod(Invoker.java:823)
	at org.testng.internal.Invoker.invokeTestMethods(Invoker.java:1131)
	at org.testng.internal.TestMethodWorker.invokeTestMethods(TestMethodWorker.java:129)
	at org.testng.internal.TestMethodWorker.run(TestMethodWorker.java:112)
	at org.testng.TestRunner.privateRun(TestRunner.java:778)
	at org.testng.TestRunner.run(TestRunner.java:632)
	at org.testng.SuiteRunner.runTest(SuiteRunner.java:366)
	at org.testng.SuiteRunner.runSequentially(SuiteRunner.java:361)
	at org.testng.SuiteRunner.privateRun(SuiteRunner.java:319)
	at org.testng.SuiteRunner.run(SuiteRunner.java:268)
	at org.testng.SuiteRunnerWorker.runSuite(SuiteRunnerWorker.java:52)
	at org.testng.SuiteRunnerWorker.run(SuiteRunnerWorker.java:86)
	at org.testng.TestNG.runSuitesSequentially(TestNG.java:1225)
	at org.testng.TestNG.runSuitesLocally(TestNG.java:1150)
	at org.testng.TestNG.runSuites(TestNG.java:1075)
	at org.testng.TestNG.run(TestNG.java:1047)
	at org.testng.remote.AbstractRemoteTestNG.run(AbstractRemoteTestNG.java:126)
	at org.testng.remote.RemoteTestNG.initAndRun(RemoteTestNG.java:137)
	at org.testng.remote.RemoteTestNG.main(RemoteTestNG.java:58)
]]>
            </full-stacktrace>
          </exception> <!-- java.lang.NullPointerException -->
          <reporter-output>
          </reporter-output>
        </test-method> <!-- fteRailway -->
      </class> <!-- dupicatetestcases.TC005 -->
    </test> <!-- Default test -->
  </suite> <!-- Default suite -->
</testng-results>
